2013/09/19 18:43:08 [error] [exception.CException] exception 'CException' with message 'Property "TbCarousel.width" is not defined.' in Z:\home\secondwebapp.lv\www\framework\base\CComponent.php:173
Stack trace:
#0 Z:\home\secondwebapp.lv\www\framework\web\CWidgetFactory.php(161): CComponent->__set('width', '400px')
#1 Z:\home\secondwebapp.lv\www\framework\web\CBaseController.php(146): CWidgetFactory->createWidget(Object(SiteController), 'bootstrap.widge...', Array)
#2 Z:\home\secondwebapp.lv\www\framework\web\CBaseController.php(172): CBaseController->createWidget('bootstrap.widge...', Array)
#3 Z:\home\secondwebapp.lv\www\themes\classic\views\site\index.php(24): CBaseController->widget('bootstrap.widge...', Array)
#4 Z:\home\secondwebapp.lv\www\framework\web\CBaseController.php(126): require('Z:\home\secondw...')
#5 Z:\home\secondwebapp.lv\www\framework\web\CBaseController.php(95): CBaseController->renderInternal('Z:\home\secondw...', NULL, true)
#6 Z:\home\secondwebapp.lv\www\framework\web\CController.php(869): CBaseController->renderFile('Z:\home\secondw...', NULL, true)
#7 Z:\home\secondwebapp.lv\www\framework\web\CController.php(782): CController->renderPartial('index', NULL, true)
#8 Z:\home\secondwebapp.lv\www\protected\controllers\SiteController.php(32): CController->render('index')
#9 Z:\home\secondwebapp.lv\www\framework\web\actions\CInlineAction.php(49): SiteController->actionIndex()
#10 Z:\home\secondwebapp.lv\www\framework\web\CController.php(308): CInlineAction->runWithParams(Array)
#11 Z:\home\secondwebapp.lv\www\framework\web\CController.php(286): CController->runAction(Object(CInlineAction))
#12 Z:\home\secondwebapp.lv\www\framework\web\CController.php(265): CController->runActionWithFilters(Object(CInlineAction), Array)
#13 Z:\home\secondwebapp.lv\www\framework\web\CWebApplication.php(282): CController->run('')
#14 Z:\home\secondwebapp.lv\www\framework\web\CWebApplication.php(141): CWebApplication->runController('')
#15 Z:\home\secondwebapp.lv\www\framework\base\CApplication.php(180): CWebApplication->processRequest()
#16 Z:\home\secondwebapp.lv\www\index.php(13): CApplication->run()
#17 {main}
REQUEST_URI=/
---
2013/09/19 19:00:30 [error] [exception.CException] exception 'CException' with message 'Alias "ext.EasySlider.EasySlider" is invalid. Make sure it points to an existing PHP file and the file is readable.' in Z:\home\secondwebapp.lv\www\framework\YiiBase.php:322
Stack trace:
#0 Z:\home\secondwebapp.lv\www\framework\web\CWidgetFactory.php(146): YiiBase::import('ext.EasySlider....', true)
#1 Z:\home\secondwebapp.lv\www\framework\web\CBaseController.php(146): CWidgetFactory->createWidget(Object(SiteController), 'ext.EasySlider....', Array)
#2 Z:\home\secondwebapp.lv\www\framework\web\CBaseController.php(172): CBaseController->createWidget('ext.EasySlider....', Array)
#3 Z:\home\secondwebapp.lv\www\themes\classic\views\site\index.php(11): CBaseController->widget('ext.EasySlider....', Array)
#4 Z:\home\secondwebapp.lv\www\framework\web\CBaseController.php(126): require('Z:\home\secondw...')
#5 Z:\home\secondwebapp.lv\www\framework\web\CBaseController.php(95): CBaseController->renderInternal('Z:\home\secondw...', NULL, true)
#6 Z:\home\secondwebapp.lv\www\framework\web\CController.php(869): CBaseController->renderFile('Z:\home\secondw...', NULL, true)
#7 Z:\home\secondwebapp.lv\www\framework\web\CController.php(782): CController->renderPartial('index', NULL, true)
#8 Z:\home\secondwebapp.lv\www\protected\controllers\SiteController.php(32): CController->render('index')
#9 Z:\home\secondwebapp.lv\www\framework\web\actions\CInlineAction.php(49): SiteController->actionIndex()
#10 Z:\home\secondwebapp.lv\www\framework\web\CController.php(308): CInlineAction->runWithParams(Array)
#11 Z:\home\secondwebapp.lv\www\framework\web\CController.php(286): CController->runAction(Object(CInlineAction))
#12 Z:\home\secondwebapp.lv\www\framework\web\CController.php(265): CController->runActionWithFilters(Object(CInlineAction), Array)
#13 Z:\home\secondwebapp.lv\www\framework\web\CWebApplication.php(282): CController->run('')
#14 Z:\home\secondwebapp.lv\www\framework\web\CWebApplication.php(141): CWebApplication->runController('')
#15 Z:\home\secondwebapp.lv\www\framework\base\CApplication.php(180): CWebApplication->processRequest()
#16 Z:\home\secondwebapp.lv\www\index.php(13): CApplication->run()
#17 {main}
REQUEST_URI=/
---
2013/09/19 19:01:58 [error] [exception.CException] exception 'CException' with message 'The asset "Z:\home\secondwebapp.lv\www\protected\extensions\EasySlider\assets" to be published does not exist.' in Z:\home\secondwebapp.lv\www\framework\web\CAssetManager.php:257
Stack trace:
#0 Z:\home\secondwebapp.lv\www\framework\web\helpers\CHtml.php(1295): CAssetManager->publish('Z:\home\secondw...', false)
#1 Z:\home\secondwebapp.lv\www\protected\extensions\EasySlider\EasySlider.php(22): CHtml::asset('Z:\home\secondw...')
#2 Z:\home\secondwebapp.lv\www\framework\web\CBaseController.php(147): EasySlider->init()
#3 Z:\home\secondwebapp.lv\www\framework\web\CBaseController.php(172): CBaseController->createWidget('ext.EasySlider....', Array)
#4 Z:\home\secondwebapp.lv\www\themes\classic\views\site\index.php(11): CBaseController->widget('ext.EasySlider....', Array)
#5 Z:\home\secondwebapp.lv\www\framework\web\CBaseController.php(126): require('Z:\home\secondw...')
#6 Z:\home\secondwebapp.lv\www\framework\web\CBaseController.php(95): CBaseController->renderInternal('Z:\home\secondw...', NULL, true)
#7 Z:\home\secondwebapp.lv\www\framework\web\CController.php(869): CBaseController->renderFile('Z:\home\secondw...', NULL, true)
#8 Z:\home\secondwebapp.lv\www\framework\web\CController.php(782): CController->renderPartial('index', NULL, true)
#9 Z:\home\secondwebapp.lv\www\protected\controllers\SiteController.php(32): CController->render('index')
#10 Z:\home\secondwebapp.lv\www\framework\web\actions\CInlineAction.php(49): SiteController->actionIndex()
#11 Z:\home\secondwebapp.lv\www\framework\web\CController.php(308): CInlineAction->runWithParams(Array)
#12 Z:\home\secondwebapp.lv\www\framework\web\CController.php(286): CController->runAction(Object(CInlineAction))
#13 Z:\home\secondwebapp.lv\www\framework\web\CController.php(265): CController->runActionWithFilters(Object(CInlineAction), Array)
#14 Z:\home\secondwebapp.lv\www\framework\web\CWebApplication.php(282): CController->run('')
#15 Z:\home\secondwebapp.lv\www\framework\web\CWebApplication.php(141): CWebApplication->runController('')
#16 Z:\home\secondwebapp.lv\www\framework\base\CApplication.php(180): CWebApplication->processRequest()
#17 Z:\home\secondwebapp.lv\www\index.php(13): CApplication->run()
#18 {main}
REQUEST_URI=/
---
2013/09/20 14:40:15 [error] [exception.CHttpException.404] exception 'CHttpException' with message 'Unable to resolve the request "img/LOGO.jpg".' in Z:\home\secondwebapp.lv\www\framework\web\CWebApplication.php:286
Stack trace:
#0 Z:\home\secondwebapp.lv\www\framework\web\CWebApplication.php(141): CWebApplication->runController('img/LOGO.jpg')
#1 Z:\home\secondwebapp.lv\www\framework\base\CApplication.php(180): CWebApplication->processRequest()
#2 Z:\home\secondwebapp.lv\www\index.php(13): CApplication->run()
#3 {main}
REQUEST_URI=/index.php/img/LOGO.jpg
HTTP_REFERER=http://secondwebapp.lv/index.php/site/contact
---
2013/09/20 14:45:27 [error] [exception.CHttpException.404] exception 'CHttpException' with message 'Unable to resolve the request "img/LOGO.jpg".' in Z:\home\secondwebapp.lv\www\framework\web\CWebApplication.php:286
Stack trace:
#0 Z:\home\secondwebapp.lv\www\framework\web\CWebApplication.php(141): CWebApplication->runController('img/LOGO.jpg')
#1 Z:\home\secondwebapp.lv\www\framework\base\CApplication.php(180): CWebApplication->processRequest()
#2 Z:\home\secondwebapp.lv\www\index.php(13): CApplication->run()
#3 {main}
REQUEST_URI=/index.php/img/LOGO.jpg
HTTP_REFERER=http://secondwebapp.lv/index.php/site/contact
---
2013/09/20 14:46:42 [error] [exception.CHttpException.404] exception 'CHttpException' with message 'Unable to resolve the request "img/LOGO.jpg".' in Z:\home\secondwebapp.lv\www\framework\web\CWebApplication.php:286
Stack trace:
#0 Z:\home\secondwebapp.lv\www\framework\web\CWebApplication.php(141): CWebApplication->runController('img/LOGO.jpg')
#1 Z:\home\secondwebapp.lv\www\framework\base\CApplication.php(180): CWebApplication->processRequest()
#2 Z:\home\secondwebapp.lv\www\index.php(13): CApplication->run()
#3 {main}
REQUEST_URI=/index.php/img/LOGO.jpg
HTTP_REFERER=http://secondwebapp.lv/index.php/site/contact
---
2013/09/20 14:57:43 [error] [exception.CHttpException.404] exception 'CHttpException' with message 'The system is unable to find the requested action "site".' in Z:\home\secondwebapp.lv\www\framework\web\CController.php:483
Stack trace:
#0 Z:\home\secondwebapp.lv\www\framework\web\CController.php(270): CController->missingAction('site')
#1 Z:\home\secondwebapp.lv\www\framework\web\CWebApplication.php(282): CController->run('site')
#2 Z:\home\secondwebapp.lv\www\framework\web\CWebApplication.php(141): CWebApplication->runController('site/site/index')
#3 Z:\home\secondwebapp.lv\www\framework\base\CApplication.php(180): CWebApplication->processRequest()
#4 Z:\home\secondwebapp.lv\www\index.php(13): CApplication->run()
#5 {main}
REQUEST_URI=/site/site/index
HTTP_REFERER=http://secondwebapp.lv/site/contact
---
2013/09/20 14:57:45 [error] [exception.CHttpException.404] exception 'CHttpException' with message 'The system is unable to find the requested action "img".' in Z:\home\secondwebapp.lv\www\framework\web\CController.php:483
Stack trace:
#0 Z:\home\secondwebapp.lv\www\framework\web\CController.php(270): CController->missingAction('img')
#1 Z:\home\secondwebapp.lv\www\framework\web\CWebApplication.php(282): CController->run('img')
#2 Z:\home\secondwebapp.lv\www\framework\web\CWebApplication.php(141): CWebApplication->runController('site/img/LOGO.j...')
#3 Z:\home\secondwebapp.lv\www\framework\base\CApplication.php(180): CWebApplication->processRequest()
#4 Z:\home\secondwebapp.lv\www\index.php(13): CApplication->run()
#5 {main}
REQUEST_URI=/site/img/LOGO.jpg
HTTP_REFERER=http://secondwebapp.lv/site/site/index
---
2013/09/20 15:00:49 [error] [exception.CHttpException.404] exception 'CHttpException' with message 'The system is unable to find the requested action "site".' in Z:\home\secondwebapp.lv\www\framework\web\CController.php:483
Stack trace:
#0 Z:\home\secondwebapp.lv\www\framework\web\CController.php(270): CController->missingAction('site')
#1 Z:\home\secondwebapp.lv\www\framework\web\CWebApplication.php(282): CController->run('site')
#2 Z:\home\secondwebapp.lv\www\framework\web\CWebApplication.php(141): CWebApplication->runController('site/site/conta...')
#3 Z:\home\secondwebapp.lv\www\framework\base\CApplication.php(180): CWebApplication->processRequest()
#4 Z:\home\secondwebapp.lv\www\index.php(13): CApplication->run()
#5 {main}
REQUEST_URI=/site/site/contact
HTTP_REFERER=http://secondwebapp.lv/site/index
---
2013/09/20 15:00:51 [error] [exception.CHttpException.404] exception 'CHttpException' with message 'The system is unable to find the requested action "img".' in Z:\home\secondwebapp.lv\www\framework\web\CController.php:483
Stack trace:
#0 Z:\home\secondwebapp.lv\www\framework\web\CController.php(270): CController->missingAction('img')
#1 Z:\home\secondwebapp.lv\www\framework\web\CWebApplication.php(282): CController->run('img')
#2 Z:\home\secondwebapp.lv\www\framework\web\CWebApplication.php(141): CWebApplication->runController('site/img/LOGO.j...')
#3 Z:\home\secondwebapp.lv\www\framework\base\CApplication.php(180): CWebApplication->processRequest()
#4 Z:\home\secondwebapp.lv\www\index.php(13): CApplication->run()
#5 {main}
REQUEST_URI=/site/img/LOGO.jpg
HTTP_REFERER=http://secondwebapp.lv/site/site/contact
---
2013/09/20 15:02:15 [error] [exception.CHttpException.404] exception 'CHttpException' with message 'The system is unable to find the requested action "site".' in Z:\home\secondwebapp.lv\www\framework\web\CController.php:483
Stack trace:
#0 Z:\home\secondwebapp.lv\www\framework\web\CController.php(270): CController->missingAction('site')
#1 Z:\home\secondwebapp.lv\www\framework\web\CWebApplication.php(282): CController->run('site')
#2 Z:\home\secondwebapp.lv\www\framework\web\CWebApplication.php(141): CWebApplication->runController('site/site/conta...')
#3 Z:\home\secondwebapp.lv\www\framework\base\CApplication.php(180): CWebApplication->processRequest()
#4 Z:\home\secondwebapp.lv\www\index.php(13): CApplication->run()
#5 {main}
REQUEST_URI=/site/site/contact
HTTP_REFERER=http://secondwebapp.lv/site/index
---
2013/09/20 15:02:17 [error] [exception.CHttpException.404] exception 'CHttpException' with message 'The system is unable to find the requested action "img".' in Z:\home\secondwebapp.lv\www\framework\web\CController.php:483
Stack trace:
#0 Z:\home\secondwebapp.lv\www\framework\web\CController.php(270): CController->missingAction('img')
#1 Z:\home\secondwebapp.lv\www\framework\web\CWebApplication.php(282): CController->run('img')
#2 Z:\home\secondwebapp.lv\www\framework\web\CWebApplication.php(141): CWebApplication->runController('site/img/LOGO.j...')
#3 Z:\home\secondwebapp.lv\www\framework\base\CApplication.php(180): CWebApplication->processRequest()
#4 Z:\home\secondwebapp.lv\www\index.php(13): CApplication->run()
#5 {main}
REQUEST_URI=/site/img/LOGO.jpg
HTTP_REFERER=http://secondwebapp.lv/site/site/contact
---
